2024-05-28T03:45:29.254+09:00  INFO 39060 --- [back-dev-camp] [main] c.s.backdevcamp.BackDevCampApplication   : Starting BackDevCampApplication using Java 17.0.9 with PID 39060 (C:\Users\juwon\Desktop\sparta\back-dev-camp\build\classes\java\main started by juwon in C:\Users\juwon\Desktop\sparta\back-dev-camp)
2024-05-28T03:45:29.256+09:00  INFO 39060 --- [back-dev-camp] [main] c.s.backdevcamp.BackDevCampApplication   : No active profile set, falling back to 1 default profile: "default"
2024-05-28T03:45:30.072+09:00  INFO 39060 --- [back-dev-camp] [main] .s.d.r.c.RepositoryConfigurationDelegate : Bootstrapping Spring Data JPA repositories in DEFAULT mode.
2024-05-28T03:45:30.111+09:00  INFO 39060 --- [back-dev-camp] [main] .s.d.r.c.RepositoryConfigurationDelegate : Finished Spring Data repository scanning in 36 ms. Found 2 JPA repository interfaces.
2024-05-28T03:45:30.597+09:00  INFO 39060 --- [back-dev-camp] [main] o.s.b.w.embedded.tomcat.TomcatWebServer  : Tomcat initialized with port 8080 (http)
2024-05-28T03:45:30.614+09:00  INFO 39060 --- [back-dev-camp] [main] o.apache.catalina.core.StandardService   : Starting service [Tomcat]
2024-05-28T03:45:30.615+09:00  INFO 39060 --- [back-dev-camp] [main] o.apache.catalina.core.StandardEngine    : Starting Servlet engine: [Apache Tomcat/10.1.20]
2024-05-28T03:45:30.667+09:00  INFO 39060 --- [back-dev-camp] [main] o.a.c.c.C.[Tomcat].[localhost].[/]       : Initializing Spring embedded WebApplicationContext
2024-05-28T03:45:30.667+09:00  INFO 39060 --- [back-dev-camp] [main] w.s.c.ServletWebServerApplicationContext : Root WebApplicationContext: initialization completed in 1377 ms
2024-05-28T03:45:30.870+09:00  INFO 39060 --- [back-dev-camp] [main] o.hibernate.jpa.internal.util.LogHelper  : HHH000204: Processing PersistenceUnitInfo [name: default]
2024-05-28T03:45:30.903+09:00  INFO 39060 --- [back-dev-camp] [main] org.hibernate.Version                    : HHH000412: Hibernate ORM core version 6.4.4.Final
2024-05-28T03:45:30.924+09:00  INFO 39060 --- [back-dev-camp] [main] o.h.c.internal.RegionFactoryInitiator    : HHH000026: Second-level cache disabled
2024-05-28T03:45:31.081+09:00  INFO 39060 --- [back-dev-camp] [main] o.s.o.j.p.SpringPersistenceUnitInfo      : No LoadTimeWeaver setup: ignoring JPA class transformer
2024-05-28T03:45:31.102+09:00  INFO 39060 --- [back-dev-camp] [main] com.zaxxer.hikari.HikariDataSource       : HikariPool-1 - Starting...
2024-05-28T03:45:31.224+09:00  INFO 39060 --- [back-dev-camp] [main] com.zaxxer.hikari.pool.HikariPool        : HikariPool-1 - Added connection org.postgresql.jdbc.PgConnection@6212ea52
2024-05-28T03:45:31.226+09:00  INFO 39060 --- [back-dev-camp] [main] com.zaxxer.hikari.HikariDataSource       : HikariPool-1 - Start completed.
2024-05-28T03:45:31.941+09:00  INFO 39060 --- [back-dev-camp] [main] o.h.e.t.j.p.i.JtaPlatformInitiator       : HHH000489: No JTA platform available (set 'hibernate.transaction.jta.platform' to enable JTA platform integration)
2024-05-28T03:45:32.004+09:00  INFO 39060 --- [back-dev-camp] [main] j.LocalContainerEntityManagerFactoryBean : Initialized JPA EntityManagerFactory for persistence unit 'default'
2024-05-28T03:45:32.378+09:00  WARN 39060 --- [back-dev-camp] [main] JpaBaseConfiguration$JpaWebConfiguration : spring.jpa.open-in-view is enabled by default. Therefore, database queries may be performed during view rendering. Explicitly configure spring.jpa.open-in-view to disable this warning
2024-05-28T03:45:32.678+09:00  INFO 39060 --- [back-dev-camp] [main] o.s.b.a.e.web.EndpointLinksResolver      : Exposing 1 endpoint(s) beneath base path '/actuator'
2024-05-28T03:45:32.717+09:00  INFO 39060 --- [back-dev-camp] [main] o.s.s.web.DefaultSecurityFilterChain     : Will secure any request with [org.springframework.security.web.session.DisableEncodeUrlFilter@58192546, org.springframework.security.web.context.request.async.WebAsyncManagerIntegrationFilter@18be7f57, org.springframework.security.web.context.SecurityContextHolderFilter@4f9a8d71, org.springframework.security.web.header.HeaderWriterFilter@68f1e261, org.springframework.web.filter.CorsFilter@64aab3fd, org.springframework.security.web.authentication.logout.LogoutFilter@1201c2f6, com.sparta.backdevcamp.common.security.JwtAuthorizationFilter@6bbff652, com.sparta.backdevcamp.common.security.JwtAuthenticationFilter@69c7fb94, org.springframework.security.web.savedrequest.RequestCacheAwareFilter@2d73aa17, org.springframework.security.web.servletapi.SecurityContextHolderAwareRequestFilter@348c00d9, org.springframework.security.web.authentication.AnonymousAuthenticationFilter@2565b097, org.springframework.security.web.session.SessionManagementFilter@21298c3a, org.springframework.security.web.access.ExceptionTranslationFilter@5c91b751, org.springframework.security.web.access.intercept.AuthorizationFilter@bf32f3f]
2024-05-28T03:45:33.079+09:00  INFO 39060 --- [back-dev-camp] [main] o.s.b.w.embedded.tomcat.TomcatWebServer  : Tomcat started on port 8080 (http) with context path ''
2024-05-28T03:45:33.089+09:00  INFO 39060 --- [back-dev-camp] [main] c.s.backdevcamp.BackDevCampApplication   : Started BackDevCampApplication in 4.168 seconds (process running for 4.563)
2024-05-28T03:45:33.245+09:00  INFO 39060 --- [back-dev-camp] [RMI TCP Connection(2)-192.168.219.101] o.a.c.c.C.[Tomcat].[localhost].[/]       : Initializing Spring DispatcherServlet 'dispatcherServlet'
2024-05-28T03:45:33.246+09:00  INFO 39060 --- [back-dev-camp] [RMI TCP Connection(2)-192.168.219.101] o.s.web.servlet.DispatcherServlet        : Initializing Servlet 'dispatcherServlet'
2024-05-28T03:45:33.247+09:00  INFO 39060 --- [back-dev-camp] [RMI TCP Connection(2)-192.168.219.101] o.s.web.servlet.DispatcherServlet        : Completed initialization in 1 ms
2024-05-28T03:47:28.244+09:00  INFO 39060 --- [back-dev-camp] [SpringApplicationShutdownHook] j.LocalContainerEntityManagerFactoryBean : Closing JPA EntityManagerFactory for persistence unit 'default'
2024-05-28T03:47:28.312+09:00  INFO 39060 --- [back-dev-camp] [SpringApplicationShutdownHook] com.zaxxer.hikari.HikariDataSource       : HikariPool-1 - Shutdown initiated...
2024-05-28T03:47:28.316+09:00  INFO 39060 --- [back-dev-camp] [SpringApplicationShutdownHook] com.zaxxer.hikari.HikariDataSource       : HikariPool-1 - Shutdown completed.
2024-05-28T03:47:30.972+09:00  INFO 43100 --- [back-dev-camp] [main] c.s.backdevcamp.BackDevCampApplication   : Starting BackDevCampApplication using Java 17.0.9 with PID 43100 (C:\Users\juwon\Desktop\sparta\back-dev-camp\build\classes\java\main started by juwon in C:\Users\juwon\Desktop\sparta\back-dev-camp)
2024-05-28T03:47:30.974+09:00  INFO 43100 --- [back-dev-camp] [main] c.s.backdevcamp.BackDevCampApplication   : No active profile set, falling back to 1 default profile: "default"
2024-05-28T03:47:31.727+09:00  INFO 43100 --- [back-dev-camp] [main] .s.d.r.c.RepositoryConfigurationDelegate : Bootstrapping Spring Data JPA repositories in DEFAULT mode.
2024-05-28T03:47:31.771+09:00  INFO 43100 --- [back-dev-camp] [main] .s.d.r.c.RepositoryConfigurationDelegate : Finished Spring Data repository scanning in 38 ms. Found 2 JPA repository interfaces.
2024-05-28T03:47:32.271+09:00  INFO 43100 --- [back-dev-camp] [main] o.s.b.w.embedded.tomcat.TomcatWebServer  : Tomcat initialized with port 8080 (http)
2024-05-28T03:47:32.278+09:00  INFO 43100 --- [back-dev-camp] [main] o.apache.catalina.core.StandardService   : Starting service [Tomcat]
2024-05-28T03:47:32.278+09:00  INFO 43100 --- [back-dev-camp] [main] o.apache.catalina.core.StandardEngine    : Starting Servlet engine: [Apache Tomcat/10.1.20]
2024-05-28T03:47:32.330+09:00  INFO 43100 --- [back-dev-camp] [main] o.a.c.c.C.[Tomcat].[localhost].[/]       : Initializing Spring embedded WebApplicationContext
2024-05-28T03:47:32.331+09:00  INFO 43100 --- [back-dev-camp] [main] w.s.c.ServletWebServerApplicationContext : Root WebApplicationContext: initialization completed in 1325 ms
2024-05-28T03:47:32.545+09:00  INFO 43100 --- [back-dev-camp] [main] o.hibernate.jpa.internal.util.LogHelper  : HHH000204: Processing PersistenceUnitInfo [name: default]
2024-05-28T03:47:32.584+09:00  INFO 43100 --- [back-dev-camp] [main] org.hibernate.Version                    : HHH000412: Hibernate ORM core version 6.4.4.Final
2024-05-28T03:47:32.616+09:00  INFO 43100 --- [back-dev-camp] [main] o.h.c.internal.RegionFactoryInitiator    : HHH000026: Second-level cache disabled
2024-05-28T03:47:32.797+09:00  INFO 43100 --- [back-dev-camp] [main] o.s.o.j.p.SpringPersistenceUnitInfo      : No LoadTimeWeaver setup: ignoring JPA class transformer
2024-05-28T03:47:32.815+09:00  INFO 43100 --- [back-dev-camp] [main] com.zaxxer.hikari.HikariDataSource       : HikariPool-1 - Starting...
2024-05-28T03:47:32.931+09:00  INFO 43100 --- [back-dev-camp] [main] com.zaxxer.hikari.pool.HikariPool        : HikariPool-1 - Added connection org.postgresql.jdbc.PgConnection@6a116354
2024-05-28T03:47:32.933+09:00  INFO 43100 --- [back-dev-camp] [main] com.zaxxer.hikari.HikariDataSource       : HikariPool-1 - Start completed.
2024-05-28T03:47:33.673+09:00  INFO 43100 --- [back-dev-camp] [main] o.h.e.t.j.p.i.JtaPlatformInitiator       : HHH000489: No JTA platform available (set 'hibernate.transaction.jta.platform' to enable JTA platform integration)
2024-05-28T03:47:33.729+09:00  INFO 43100 --- [back-dev-camp] [main] j.LocalContainerEntityManagerFactoryBean : Initialized JPA EntityManagerFactory for persistence unit 'default'
2024-05-28T03:47:34.103+09:00  WARN 43100 --- [back-dev-camp] [main] JpaBaseConfiguration$JpaWebConfiguration : spring.jpa.open-in-view is enabled by default. Therefore, database queries may be performed during view rendering. Explicitly configure spring.jpa.open-in-view to disable this warning
2024-05-28T03:47:34.406+09:00  INFO 43100 --- [back-dev-camp] [main] o.s.b.a.e.web.EndpointLinksResolver      : Exposing 1 endpoint(s) beneath base path '/actuator'
2024-05-28T03:47:34.443+09:00  INFO 43100 --- [back-dev-camp] [main] o.s.s.web.DefaultSecurityFilterChain     : Will secure any request with [org.springframework.security.web.session.DisableEncodeUrlFilter@71d2bc34, org.springframework.security.web.context.request.async.WebAsyncManagerIntegrationFilter@2e903c69, org.springframework.security.web.context.SecurityContextHolderFilter@27bfa57f, org.springframework.security.web.header.HeaderWriterFilter@5ccc07ae, org.springframework.web.filter.CorsFilter@1dc37d4f, org.springframework.security.web.authentication.logout.LogoutFilter@1ef4179, com.sparta.backdevcamp.common.security.JwtAuthorizationFilter@7966a964, com.sparta.backdevcamp.common.security.JwtAuthenticationFilter@17e2ad13, org.springframework.security.web.savedrequest.RequestCacheAwareFilter@41a3656f, org.springframework.security.web.servletapi.SecurityContextHolderAwareRequestFilter@231d5119, org.springframework.security.web.authentication.AnonymousAuthenticationFilter@4f290f46, org.springframework.security.web.session.SessionManagementFilter@d88d9d7, org.springframework.security.web.access.ExceptionTranslationFilter@4eba6e1f, org.springframework.security.web.access.intercept.AuthorizationFilter@620ba2b0]
2024-05-28T03:47:34.786+09:00  INFO 43100 --- [back-dev-camp] [main] o.s.b.w.embedded.tomcat.TomcatWebServer  : Tomcat started on port 8080 (http) with context path ''
2024-05-28T03:47:34.797+09:00  INFO 43100 --- [back-dev-camp] [main] c.s.backdevcamp.BackDevCampApplication   : Started BackDevCampApplication in 4.142 seconds (process running for 4.534)
2024-05-28T03:47:35.001+09:00  INFO 43100 --- [back-dev-camp] [RMI TCP Connection(2)-192.168.219.101] o.a.c.c.C.[Tomcat].[localhost].[/]       : Initializing Spring DispatcherServlet 'dispatcherServlet'
2024-05-28T03:47:35.001+09:00  INFO 43100 --- [back-dev-camp] [RMI TCP Connection(2)-192.168.219.101] o.s.web.servlet.DispatcherServlet        : Initializing Servlet 'dispatcherServlet'
2024-05-28T03:47:35.003+09:00  INFO 43100 --- [back-dev-camp] [RMI TCP Connection(2)-192.168.219.101] o.s.web.servlet.DispatcherServlet        : Completed initialization in 1 ms
2024-05-28T03:47:48.825+09:00  INFO 43100 --- [back-dev-camp] [http-nio-8080-exec-1] 로그인 및 JWT 생성                             : AccessToken : Bearer eyJhbGciOiJIUzI1NiJ9.eyJzdWIiOiJhQGEuY29tIiwiaWF0IjoxNzE2ODM1NjY4LCJleHAiOjE3MTY4MzkyNjgsImp0aSI6IjkyNmIwMmUxLTczODYtNDJjMi1iY2M1LTY5NDQ4MWNkNGJkOSJ9.g3yqegn3PJTCEaXeej6jIsuqW1LuL98WObm28XqDg1A
2024-05-28T03:47:48.826+09:00  INFO 43100 --- [back-dev-camp] [http-nio-8080-exec-1] 로그인 및 JWT 생성                             : RefreshToken  : Bearer eyJhbGciOiJIUzI1NiJ9.eyJzdWIiOiJhQGEuY29tIiwiaWF0IjoxNzE2ODM1NjY4LCJleHAiOjE3MTc0NDA0NjgsImp0aSI6ImE3NzllMzM3LTIzOTgtNDdiYS05NGZkLTFiZWExNDcyZjZlYiJ9.b_F6Gr6TXq9uKhRNKNtlT9uVhnTwxO03MzggT2546OY
2024-05-28T03:48:22.897+09:00  INFO 43100 --- [back-dev-camp] [SpringApplicationShutdownHook] j.LocalContainerEntityManagerFactoryBean : Closing JPA EntityManagerFactory for persistence unit 'default'
2024-05-28T03:48:22.898+09:00  INFO 43100 --- [back-dev-camp] [SpringApplicationShutdownHook] com.zaxxer.hikari.HikariDataSource       : HikariPool-1 - Shutdown initiated...
2024-05-28T03:48:22.900+09:00  INFO 43100 --- [back-dev-camp] [SpringApplicationShutdownHook] com.zaxxer.hikari.HikariDataSource       : HikariPool-1 - Shutdown completed.
2024-05-28T03:48:24.745+09:00  INFO 43916 --- [back-dev-camp] [main] c.s.backdevcamp.BackDevCampApplication   : Starting BackDevCampApplication using Java 17.0.9 with PID 43916 (C:\Users\juwon\Desktop\sparta\back-dev-camp\build\classes\java\main started by juwon in C:\Users\juwon\Desktop\sparta\back-dev-camp)
2024-05-28T03:48:24.747+09:00  INFO 43916 --- [back-dev-camp] [main] c.s.backdevcamp.BackDevCampApplication   : No active profile set, falling back to 1 default profile: "default"
2024-05-28T03:48:25.449+09:00  INFO 43916 --- [back-dev-camp] [main] .s.d.r.c.RepositoryConfigurationDelegate : Bootstrapping Spring Data JPA repositories in DEFAULT mode.
2024-05-28T03:48:25.488+09:00  INFO 43916 --- [back-dev-camp] [main] .s.d.r.c.RepositoryConfigurationDelegate : Finished Spring Data repository scanning in 35 ms. Found 2 JPA repository interfaces.
2024-05-28T03:48:25.950+09:00  INFO 43916 --- [back-dev-camp] [main] o.s.b.w.embedded.tomcat.TomcatWebServer  : Tomcat initialized with port 8080 (http)
2024-05-28T03:48:25.957+09:00  INFO 43916 --- [back-dev-camp] [main] o.apache.catalina.core.StandardService   : Starting service [Tomcat]
2024-05-28T03:48:25.958+09:00  INFO 43916 --- [back-dev-camp] [main] o.apache.catalina.core.StandardEngine    : Starting Servlet engine: [Apache Tomcat/10.1.20]
2024-05-28T03:48:26.010+09:00  INFO 43916 --- [back-dev-camp] [main] o.a.c.c.C.[Tomcat].[localhost].[/]       : Initializing Spring embedded WebApplicationContext
2024-05-28T03:48:26.011+09:00  INFO 43916 --- [back-dev-camp] [main] w.s.c.ServletWebServerApplicationContext : Root WebApplicationContext: initialization completed in 1235 ms
2024-05-28T03:48:26.208+09:00  INFO 43916 --- [back-dev-camp] [main] o.hibernate.jpa.internal.util.LogHelper  : HHH000204: Processing PersistenceUnitInfo [name: default]
2024-05-28T03:48:26.243+09:00  INFO 43916 --- [back-dev-camp] [main] org.hibernate.Version                    : HHH000412: Hibernate ORM core version 6.4.4.Final
2024-05-28T03:48:26.263+09:00  INFO 43916 --- [back-dev-camp] [main] o.h.c.internal.RegionFactoryInitiator    : HHH000026: Second-level cache disabled
2024-05-28T03:48:26.418+09:00  INFO 43916 --- [back-dev-camp] [main] o.s.o.j.p.SpringPersistenceUnitInfo      : No LoadTimeWeaver setup: ignoring JPA class transformer
2024-05-28T03:48:26.440+09:00  INFO 43916 --- [back-dev-camp] [main] com.zaxxer.hikari.HikariDataSource       : HikariPool-1 - Starting...
2024-05-28T03:48:26.566+09:00  INFO 43916 --- [back-dev-camp] [main] com.zaxxer.hikari.pool.HikariPool        : HikariPool-1 - Added connection org.postgresql.jdbc.PgConnection@1dcad16f
2024-05-28T03:48:26.568+09:00  INFO 43916 --- [back-dev-camp] [main] com.zaxxer.hikari.HikariDataSource       : HikariPool-1 - Start completed.
2024-05-28T03:48:27.308+09:00  INFO 43916 --- [back-dev-camp] [main] o.h.e.t.j.p.i.JtaPlatformInitiator       : HHH000489: No JTA platform available (set 'hibernate.transaction.jta.platform' to enable JTA platform integration)
2024-05-28T03:48:27.362+09:00  INFO 43916 --- [back-dev-camp] [main] j.LocalContainerEntityManagerFactoryBean : Initialized JPA EntityManagerFactory for persistence unit 'default'
2024-05-28T03:48:27.756+09:00  WARN 43916 --- [back-dev-camp] [main] JpaBaseConfiguration$JpaWebConfiguration : spring.jpa.open-in-view is enabled by default. Therefore, database queries may be performed during view rendering. Explicitly configure spring.jpa.open-in-view to disable this warning
2024-05-28T03:48:28.067+09:00  INFO 43916 --- [back-dev-camp] [main] o.s.b.a.e.web.EndpointLinksResolver      : Exposing 1 endpoint(s) beneath base path '/actuator'
2024-05-28T03:48:28.102+09:00  INFO 43916 --- [back-dev-camp] [main] o.s.s.web.DefaultSecurityFilterChain     : Will secure any request with [org.springframework.security.web.session.DisableEncodeUrlFilter@2bfe398b, org.springframework.security.web.context.request.async.WebAsyncManagerIntegrationFilter@4a23be9, org.springframework.security.web.context.SecurityContextHolderFilter@41a3656f, org.springframework.security.web.header.HeaderWriterFilter@27df4dcb, org.springframework.web.filter.CorsFilter@20d1737, org.springframework.security.web.authentication.logout.LogoutFilter@3cc9bde9, com.sparta.backdevcamp.common.security.JwtAuthorizationFilter@5f1bd673, com.sparta.backdevcamp.common.security.JwtAuthenticationFilter@7b6e196e, org.springframework.security.web.savedrequest.RequestCacheAwareFilter@79cfc008, org.springframework.security.web.servletapi.SecurityContextHolderAwareRequestFilter@7d2ccd7f, org.springframework.security.web.authentication.AnonymousAuthenticationFilter@5d96b0f, org.springframework.security.web.session.SessionManagementFilter@1c7da28, org.springframework.security.web.access.ExceptionTranslationFilter@4832813d, org.springframework.security.web.access.intercept.AuthorizationFilter@71d2bc34]
2024-05-28T03:48:28.449+09:00  INFO 43916 --- [back-dev-camp] [main] o.s.b.w.embedded.tomcat.TomcatWebServer  : Tomcat started on port 8080 (http) with context path ''
2024-05-28T03:48:28.458+09:00  INFO 43916 --- [back-dev-camp] [main] c.s.backdevcamp.BackDevCampApplication   : Started BackDevCampApplication in 4.023 seconds (process running for 4.417)
2024-05-28T03:48:28.766+09:00  INFO 43916 --- [back-dev-camp] [RMI TCP Connection(4)-192.168.219.101] o.a.c.c.C.[Tomcat].[localhost].[/]       : Initializing Spring DispatcherServlet 'dispatcherServlet'
2024-05-28T03:48:28.767+09:00  INFO 43916 --- [back-dev-camp] [RMI TCP Connection(4)-192.168.219.101] o.s.web.servlet.DispatcherServlet        : Initializing Servlet 'dispatcherServlet'
2024-05-28T03:48:28.768+09:00  INFO 43916 --- [back-dev-camp] [RMI TCP Connection(4)-192.168.219.101] o.s.web.servlet.DispatcherServlet        : Completed initialization in 1 ms
2024-05-28T03:48:34.502+09:00  INFO 43916 --- [back-dev-camp] [http-nio-8080-exec-1] 로그인 및 JWT 생성                             : AccessToken : Bearer eyJhbGciOiJIUzI1NiJ9.eyJzdWIiOiJhQGEuY29tIiwiaWF0IjoxNzE2ODM1NzE0LCJleHAiOjE3MTY4MzkzMTQsImp0aSI6ImZkNTA4MWE4LTcxYjktNGQ5YS05ODg2LWNjMDI0MDI5ZjIzOCJ9.RgBadxGsa3bDz_IohfMRsf9JkKVNABt3DFosNrX64YE
2024-05-28T03:48:34.502+09:00  INFO 43916 --- [back-dev-camp] [http-nio-8080-exec-1] 로그인 및 JWT 생성                             : RefreshToken  : Bearer eyJhbGciOiJIUzI1NiJ9.eyJzdWIiOiJhQGEuY29tIiwiaWF0IjoxNzE2ODM1NzE0LCJleHAiOjE3MTc0NDA1MTQsImp0aSI6IjU2N2IxNzhmLWQyNjgtNGVhYS1hNGY2LWI3NGVhOWZlZmJhNCJ9.FNp6dSeN3fnIGeUq2uFj2AZ78kSZDgkfDcR95SooCRY
2024-05-28T03:49:19.086+09:00  INFO 43916 --- [back-dev-camp] [SpringApplicationShutdownHook] j.LocalContainerEntityManagerFactoryBean : Closing JPA EntityManagerFactory for persistence unit 'default'
2024-05-28T03:49:19.088+09:00  INFO 43916 --- [back-dev-camp] [SpringApplicationShutdownHook] com.zaxxer.hikari.HikariDataSource       : HikariPool-1 - Shutdown initiated...
2024-05-28T03:49:19.100+09:00  INFO 43916 --- [back-dev-camp] [SpringApplicationShutdownHook] com.zaxxer.hikari.HikariDataSource       : HikariPool-1 - Shutdown completed.
2024-05-28T03:49:20.905+09:00  INFO 43048 --- [back-dev-camp] [main] c.s.backdevcamp.BackDevCampApplication   : Starting BackDevCampApplication using Java 17.0.9 with PID 43048 (C:\Users\juwon\Desktop\sparta\back-dev-camp\build\classes\java\main started by juwon in C:\Users\juwon\Desktop\sparta\back-dev-camp)
2024-05-28T03:49:20.906+09:00  INFO 43048 --- [back-dev-camp] [main] c.s.backdevcamp.BackDevCampApplication   : No active profile set, falling back to 1 default profile: "default"
2024-05-28T03:49:21.633+09:00  INFO 43048 --- [back-dev-camp] [main] .s.d.r.c.RepositoryConfigurationDelegate : Bootstrapping Spring Data JPA repositories in DEFAULT mode.
2024-05-28T03:49:21.676+09:00  INFO 43048 --- [back-dev-camp] [main] .s.d.r.c.RepositoryConfigurationDelegate : Finished Spring Data repository scanning in 38 ms. Found 2 JPA repository interfaces.
2024-05-28T03:49:22.151+09:00  INFO 43048 --- [back-dev-camp] [main] o.s.b.w.embedded.tomcat.TomcatWebServer  : Tomcat initialized with port 8080 (http)
2024-05-28T03:49:22.159+09:00  INFO 43048 --- [back-dev-camp] [main] o.apache.catalina.core.StandardService   : Starting service [Tomcat]
2024-05-28T03:49:22.160+09:00  INFO 43048 --- [back-dev-camp] [main] o.apache.catalina.core.StandardEngine    : Starting Servlet engine: [Apache Tomcat/10.1.20]
2024-05-28T03:49:22.213+09:00  INFO 43048 --- [back-dev-camp] [main] o.a.c.c.C.[Tomcat].[localhost].[/]       : Initializing Spring embedded WebApplicationContext
2024-05-28T03:49:22.213+09:00  INFO 43048 --- [back-dev-camp] [main] w.s.c.ServletWebServerApplicationContext : Root WebApplicationContext: initialization completed in 1278 ms
2024-05-28T03:49:22.416+09:00  INFO 43048 --- [back-dev-camp] [main] o.hibernate.jpa.internal.util.LogHelper  : HHH000204: Processing PersistenceUnitInfo [name: default]
2024-05-28T03:49:22.452+09:00  INFO 43048 --- [back-dev-camp] [main] org.hibernate.Version                    : HHH000412: Hibernate ORM core version 6.4.4.Final
2024-05-28T03:49:22.474+09:00  INFO 43048 --- [back-dev-camp] [main] o.h.c.internal.RegionFactoryInitiator    : HHH000026: Second-level cache disabled
2024-05-28T03:49:22.657+09:00  INFO 43048 --- [back-dev-camp] [main] o.s.o.j.p.SpringPersistenceUnitInfo      : No LoadTimeWeaver setup: ignoring JPA class transformer
2024-05-28T03:49:22.677+09:00  INFO 43048 --- [back-dev-camp] [main] com.zaxxer.hikari.HikariDataSource       : HikariPool-1 - Starting...
2024-05-28T03:49:22.835+09:00  INFO 43048 --- [back-dev-camp] [main] com.zaxxer.hikari.pool.HikariPool        : HikariPool-1 - Added connection org.postgresql.jdbc.PgConnection@1a77eb6
2024-05-28T03:49:22.838+09:00  INFO 43048 --- [back-dev-camp] [main] com.zaxxer.hikari.HikariDataSource       : HikariPool-1 - Start completed.
2024-05-28T03:49:23.581+09:00  INFO 43048 --- [back-dev-camp] [main] o.h.e.t.j.p.i.JtaPlatformInitiator       : HHH000489: No JTA platform available (set 'hibernate.transaction.jta.platform' to enable JTA platform integration)
2024-05-28T03:49:23.642+09:00  INFO 43048 --- [back-dev-camp] [main] j.LocalContainerEntityManagerFactoryBean : Initialized JPA EntityManagerFactory for persistence unit 'default'
2024-05-28T03:49:24.040+09:00  WARN 43048 --- [back-dev-camp] [main] JpaBaseConfiguration$JpaWebConfiguration : spring.jpa.open-in-view is enabled by default. Therefore, database queries may be performed during view rendering. Explicitly configure spring.jpa.open-in-view to disable this warning
2024-05-28T03:49:24.367+09:00  INFO 43048 --- [back-dev-camp] [main] o.s.b.a.e.web.EndpointLinksResolver      : Exposing 1 endpoint(s) beneath base path '/actuator'
2024-05-28T03:49:24.405+09:00  INFO 43048 --- [back-dev-camp] [main] o.s.s.web.DefaultSecurityFilterChain     : Will secure any request with [org.springframework.security.web.session.DisableEncodeUrlFilter@106dee26, org.springframework.security.web.context.request.async.WebAsyncManagerIntegrationFilter@6b0aa757, org.springframework.security.web.context.SecurityContextHolderFilter@7dc16d33, org.springframework.security.web.header.HeaderWriterFilter@40ef1198, org.springframework.web.filter.CorsFilter@2f4b2ee3, org.springframework.security.web.authentication.logout.LogoutFilter@3c3a8246, com.sparta.backdevcamp.common.security.JwtAuthorizationFilter@365c8a47, com.sparta.backdevcamp.common.security.JwtAuthenticationFilter@55f29d39, org.springframework.security.web.savedrequest.RequestCacheAwareFilter@37bafef8, org.springframework.security.web.servletapi.SecurityContextHolderAwareRequestFilter@753b6846, org.springframework.security.web.authentication.AnonymousAuthenticationFilter@1d0695da, org.springframework.security.web.session.SessionManagementFilter@7785430c, org.springframework.security.web.access.ExceptionTranslationFilter@557fe039, org.springframework.security.web.access.intercept.AuthorizationFilter@3ea4dcc5]
2024-05-28T03:49:24.765+09:00  INFO 43048 --- [back-dev-camp] [main] o.s.b.w.embedded.tomcat.TomcatWebServer  : Tomcat started on port 8080 (http) with context path ''
2024-05-28T03:49:24.777+09:00  INFO 43048 --- [back-dev-camp] [main] c.s.backdevcamp.BackDevCampApplication   : Started BackDevCampApplication in 4.191 seconds (process running for 4.603)
2024-05-28T03:49:24.900+09:00  INFO 43048 --- [back-dev-camp] [RMI TCP Connection(2)-192.168.219.101] o.a.c.c.C.[Tomcat].[localhost].[/]       : Initializing Spring DispatcherServlet 'dispatcherServlet'
2024-05-28T03:49:24.901+09:00  INFO 43048 --- [back-dev-camp] [RMI TCP Connection(2)-192.168.219.101] o.s.web.servlet.DispatcherServlet        : Initializing Servlet 'dispatcherServlet'
2024-05-28T03:49:24.902+09:00  INFO 43048 --- [back-dev-camp] [RMI TCP Connection(2)-192.168.219.101] o.s.web.servlet.DispatcherServlet        : Completed initialization in 1 ms
2024-05-28T03:53:05.442+09:00  INFO 43048 --- [back-dev-camp] [SpringApplicationShutdownHook] j.LocalContainerEntityManagerFactoryBean : Closing JPA EntityManagerFactory for persistence unit 'default'
2024-05-28T03:53:05.444+09:00  INFO 43048 --- [back-dev-camp] [SpringApplicationShutdownHook] com.zaxxer.hikari.HikariDataSource       : HikariPool-1 - Shutdown initiated...
2024-05-28T03:53:05.449+09:00  INFO 43048 --- [back-dev-camp] [SpringApplicationShutdownHook] com.zaxxer.hikari.HikariDataSource       : HikariPool-1 - Shutdown completed.
2024-05-28T03:53:07.468+09:00  INFO 44264 --- [back-dev-camp] [main] c.s.backdevcamp.BackDevCampApplication   : Starting BackDevCampApplication using Java 17.0.9 with PID 44264 (C:\Users\juwon\Desktop\sparta\back-dev-camp\build\classes\java\main started by juwon in C:\Users\juwon\Desktop\sparta\back-dev-camp)
2024-05-28T03:53:07.469+09:00  INFO 44264 --- [back-dev-camp] [main] c.s.backdevcamp.BackDevCampApplication   : No active profile set, falling back to 1 default profile: "default"
2024-05-28T03:53:08.174+09:00  INFO 44264 --- [back-dev-camp] [main] .s.d.r.c.RepositoryConfigurationDelegate : Bootstrapping Spring Data JPA repositories in DEFAULT mode.
2024-05-28T03:53:08.213+09:00  INFO 44264 --- [back-dev-camp] [main] .s.d.r.c.RepositoryConfigurationDelegate : Finished Spring Data repository scanning in 34 ms. Found 2 JPA repository interfaces.
2024-05-28T03:53:08.682+09:00  INFO 44264 --- [back-dev-camp] [main] o.s.b.w.embedded.tomcat.TomcatWebServer  : Tomcat initialized with port 8080 (http)
2024-05-28T03:53:08.694+09:00  INFO 44264 --- [back-dev-camp] [main] o.apache.catalina.core.StandardService   : Starting service [Tomcat]
2024-05-28T03:53:08.694+09:00  INFO 44264 --- [back-dev-camp] [main] o.apache.catalina.core.StandardEngine    : Starting Servlet engine: [Apache Tomcat/10.1.20]
2024-05-28T03:53:08.741+09:00  INFO 44264 --- [back-dev-camp] [main] o.a.c.c.C.[Tomcat].[localhost].[/]       : Initializing Spring embedded WebApplicationContext
2024-05-28T03:53:08.742+09:00  INFO 44264 --- [back-dev-camp] [main] w.s.c.ServletWebServerApplicationContext : Root WebApplicationContext: initialization completed in 1240 ms
2024-05-28T03:53:08.958+09:00  INFO 44264 --- [back-dev-camp] [main] o.hibernate.jpa.internal.util.LogHelper  : HHH000204: Processing PersistenceUnitInfo [name: default]
2024-05-28T03:53:08.996+09:00  INFO 44264 --- [back-dev-camp] [main] org.hibernate.Version                    : HHH000412: Hibernate ORM core version 6.4.4.Final
2024-05-28T03:53:09.020+09:00  INFO 44264 --- [back-dev-camp] [main] o.h.c.internal.RegionFactoryInitiator    : HHH000026: Second-level cache disabled
2024-05-28T03:53:09.177+09:00  INFO 44264 --- [back-dev-camp] [main] o.s.o.j.p.SpringPersistenceUnitInfo      : No LoadTimeWeaver setup: ignoring JPA class transformer
2024-05-28T03:53:09.199+09:00  INFO 44264 --- [back-dev-camp] [main] com.zaxxer.hikari.HikariDataSource       : HikariPool-1 - Starting...
2024-05-28T03:53:09.319+09:00  INFO 44264 --- [back-dev-camp] [main] com.zaxxer.hikari.pool.HikariPool        : HikariPool-1 - Added connection org.postgresql.jdbc.PgConnection@3b576ee3
2024-05-28T03:53:09.321+09:00  INFO 44264 --- [back-dev-camp] [main] com.zaxxer.hikari.HikariDataSource       : HikariPool-1 - Start completed.
2024-05-28T03:53:09.347+09:00  WARN 44264 --- [back-dev-camp] [main] org.hibernate.orm.deprecation            : HHH90000025: PostgreSQLDialect does not need to be specified explicitly using 'hibernate.dialect' (remove the property setting and it will be selected by default)
2024-05-28T03:53:10.029+09:00  INFO 44264 --- [back-dev-camp] [main] o.h.e.t.j.p.i.JtaPlatformInitiator       : HHH000489: No JTA platform available (set 'hibernate.transaction.jta.platform' to enable JTA platform integration)
2024-05-28T03:53:10.092+09:00  INFO 44264 --- [back-dev-camp] [main] j.LocalContainerEntityManagerFactoryBean : Initialized JPA EntityManagerFactory for persistence unit 'default'
2024-05-28T03:53:10.465+09:00  WARN 44264 --- [back-dev-camp] [main] JpaBaseConfiguration$JpaWebConfiguration : spring.jpa.open-in-view is enabled by default. Therefore, database queries may be performed during view rendering. Explicitly configure spring.jpa.open-in-view to disable this warning
2024-05-28T03:53:10.771+09:00  INFO 44264 --- [back-dev-camp] [main] o.s.b.a.e.web.EndpointLinksResolver      : Exposing 1 endpoint(s) beneath base path '/actuator'
2024-05-28T03:53:10.808+09:00  INFO 44264 --- [back-dev-camp] [main] o.s.s.web.DefaultSecurityFilterChain     : Will secure any request with [org.springframework.security.web.session.DisableEncodeUrlFilter@1b6daf20, org.springframework.security.web.context.request.async.WebAsyncManagerIntegrationFilter@41a3656f, org.springframework.security.web.context.SecurityContextHolderFilter@3453cf27, org.springframework.security.web.header.HeaderWriterFilter@66df2165, org.springframework.web.filter.CorsFilter@5086e144, org.springframework.security.web.authentication.logout.LogoutFilter@512319dc, com.sparta.backdevcamp.common.security.JwtAuthorizationFilter@7d44e3c7, com.sparta.backdevcamp.common.security.JwtAuthenticationFilter@7479cdf7, org.springframework.security.web.savedrequest.RequestCacheAwareFilter@6fa98e98, org.springframework.security.web.servletapi.SecurityContextHolderAwareRequestFilter@4df9df06, org.springframework.security.web.authentication.AnonymousAuthenticationFilter@557fe039, org.springframework.security.web.session.SessionManagementFilter@2d12a71f, org.springframework.security.web.access.ExceptionTranslationFilter@2f19ab6, org.springframework.security.web.access.intercept.AuthorizationFilter@1c7da28]
2024-05-28T03:53:11.207+09:00  INFO 44264 --- [back-dev-camp] [main] o.s.b.w.embedded.tomcat.TomcatWebServer  : Tomcat started on port 8080 (http) with context path ''
2024-05-28T03:53:11.220+09:00  INFO 44264 --- [back-dev-camp] [main] c.s.backdevcamp.BackDevCampApplication   : Started BackDevCampApplication in 4.096 seconds (process running for 4.485)
2024-05-28T03:53:11.460+09:00  INFO 44264 --- [back-dev-camp] [RMI TCP Connection(2)-192.168.219.101] o.a.c.c.C.[Tomcat].[localhost].[/]       : Initializing Spring DispatcherServlet 'dispatcherServlet'
2024-05-28T03:53:11.460+09:00  INFO 44264 --- [back-dev-camp] [RMI TCP Connection(2)-192.168.219.101] o.s.web.servlet.DispatcherServlet        : Initializing Servlet 'dispatcherServlet'
2024-05-28T03:53:11.462+09:00  INFO 44264 --- [back-dev-camp] [RMI TCP Connection(2)-192.168.219.101] o.s.web.servlet.DispatcherServlet        : Completed initialization in 2 ms
2024-05-28T03:54:11.535+09:00  INFO 44264 --- [back-dev-camp] [http-nio-8080-exec-4] 로그인 및 JWT 생성                             : AccessToken : Bearer eyJhbGciOiJIUzI1NiJ9.eyJzdWIiOiJhQGEuY29tIiwiaWF0IjoxNzE2ODM2MDUxLCJleHAiOjE3MTY4Mzk2NTEsImp0aSI6IjM4MGZhZWFhLWJiOWEtNGZkNy05NGY2LWNjMTE0ZDc0MTY5MiJ9.3lkpW0xw4rrlaAMnXaOeEn5aVygRaiQsAR4aExZeE9s
2024-05-28T03:54:11.536+09:00  INFO 44264 --- [back-dev-camp] [http-nio-8080-exec-4] 로그인 및 JWT 생성                             : RefreshToken  : Bearer eyJhbGciOiJIUzI1NiJ9.eyJzdWIiOiJhQGEuY29tIiwiaWF0IjoxNzE2ODM2MDUxLCJleHAiOjE3MTc0NDA4NTEsImp0aSI6ImY1NWVjMzgyLWY3MGItNGJkNi04ODNkLTIxZWNhZTRhOGEyMCJ9.Kn_X-buZksu1_SyCq_2DGURkn4VzaPMVfo8A-yM6CPU
